# JRE version: Java(TM) SE Runtime Environment (8.0_131-b11) (build 1.8.0_131-b11)
# Java VM: Java HotSpot(TM) 64-Bit Server VM (25.131-b11 mixed mode windows-amd64 compressed oops)
Heap:
 PSYoungGen      total 119808K, used 101598K [0x00000000f5580000, 0x0000000100000000, 0x0000000100000000)
  eden space 74240K, 82% used [0x00000000f5580000,0x00000000f9150f78,0x00000000f9e00000)
  from space 45568K, 88% used [0x00000000fd380000,0x00000000ffae6ba8,0x0000000100000000)
  to   space 50176K, 0% used [0x00000000f9e00000,0x00000000f9e00000,0x00000000fcf00000)
 ParOldGen       total 196096K, used 64094K [0x00000000e0000000, 0x00000000ebf80000, 0x00000000f5580000)
  object space 196096K, 32% used [0x00000000e0000000,0x00000000e3e97978,0x00000000ebf80000)
 Metaspace       used 93254K, capacity 97881K, committed 98048K, reserved 1134592K
  class space    used 12088K, capacity 13027K, committed 13056K, reserved 1048576K
GC Heap History (10 events):
Event: 2035.321 GC heap before
{Heap before GC invocations=24 (full 4):
 PSYoungGen      total 126976K, used 12092K [0x00000000f5580000, 0x00000000ffc00000, 0x0000000100000000)
  eden space 85504K, 0% used [0x00000000f5580000,0x00000000f5580000,0x00000000fa900000)
  from space 41472K, 29% used [0x00000000fd380000,0x00000000fdf4f350,0x00000000ffc00000)
  to   space 42496K, 0% used [0x00000000fa900000,0x00000000fa900000,0x00000000fd280000)
 ParOldGen       total 196096K, used 109776K [0x00000000e0000000, 0x00000000ebf80000, 0x00000000f5580000)
  object space 196096K, 55% used [0x00000000e0000000,0x00000000e6b34260,0x00000000ebf80000)
 Metaspace       used 90993K, capacity 95498K, committed 95744K, reserved 1132544K
  class space    used 11844K, capacity 12769K, committed 12800K, reserved 1048576K
Event: 2036.126 GC heap after
Heap after GC invocations=24 (full 4):
 PSYoungGen      total 126976K, used 0K [0x00000000f5580000, 0x00000000ffc00000, 0x0000000100000000)
  eden space 85504K, 0% used [0x00000000f5580000,0x00000000f5580000,0x00000000fa900000)
  from space 41472K, 0% used [0x00000000fd380000,0x00000000fd380000,0x00000000ffc00000)
  to   space 42496K, 0% used [0x00000000fa900000,0x00000000fa900000,0x00000000fd280000)
 ParOldGen       total 196096K, used 64070K [0x00000000e0000000, 0x00000000ebf80000, 0x00000000f5580000)
  object space 196096K, 32% used [0x00000000e0000000,0x00000000e3e91978,0x00000000ebf80000)
 Metaspace       used 90753K, capacity 95048K, committed 95744K, reserved 1132544K
  class space    used 11794K, capacity 12680K, committed 12800K, reserved 1048576K
}
Event: 2086.209 GC heap before
{Heap before GC invocations=25 (full 4):
 PSYoungGen      total 126976K, used 85504K [0x00000000f5580000, 0x00000000ffc00000, 0x0000000100000000)
  eden space 85504K, 100% used [0x00000000f5580000,0x00000000fa900000,0x00000000fa900000)
  from space 41472K, 0% used [0x00000000fd380000,0x00000000fd380000,0x00000000ffc00000)
  to   space 42496K, 0% used [0x00000000fa900000,0x00000000fa900000,0x00000000fd280000)
 ParOldGen       total 196096K, used 64070K [0x00000000e0000000, 0x00000000ebf80000, 0x00000000f5580000)
  object space 196096K, 32% used [0x00000000e0000000,0x00000000e3e91978,0x00000000ebf80000)
 Metaspace       used 91032K, capacity 95402K, committed 96128K, reserved 1132544K
  class space    used 11804K, capacity 12723K, committed 12928K, reserved 1048576K
Event: 2086.232 GC heap after
Heap after GC invocations=25 (full 4):
 PSYoungGen      total 128000K, used 14779K [0x00000000f5580000, 0x00000000fff00000, 0x0000000100000000)
  eden space 85504K, 0% used [0x00000000f5580000,0x00000000f5580000,0x00000000fa900000)
  from space 42496K, 34% used [0x00000000fa900000,0x00000000fb76edb0,0x00000000fd280000)
  to   space 41472K, 0% used [0x00000000fd680000,0x00000000fd680000,0x00000000fff00000)
 ParOldGen       total 196096K, used 64078K [0x00000000e0000000, 0x00000000ebf80000, 0x00000000f5580000)
  object space 196096K, 32% used [0x00000000e0000000,0x00000000e3e93978,0x00000000ebf80000)
 Metaspace       used 91032K, capacity 95402K, committed 96128K, reserved 1132544K
  class space    used 11804K, capacity 12723K, committed 12928K, reserved 1048576K
}
Event: 2088.904 GC heap before
{Heap before GC invocations=26 (full 4):
 PSYoungGen      total 128000K, used 100283K [0x00000000f5580000, 0x00000000fff00000, 0x0000000100000000)
  eden space 85504K, 100% used [0x00000000f5580000,0x00000000fa900000,0x00000000fa900000)
  from space 42496K, 34% used [0x00000000fa900000,0x00000000fb76edb0,0x00000000fd280000)
  to   space 41472K, 0% used [0x00000000fd680000,0x00000000fd680000,0x00000000fff00000)
 ParOldGen       total 196096K, used 64078K [0x00000000e0000000, 0x00000000ebf80000, 0x00000000f5580000)
  object space 196096K, 32% used [0x00000000e0000000,0x00000000e3e93978,0x00000000ebf80000)
 Metaspace       used 91125K, capacity 95456K, committed 96128K, reserved 1132544K
  class space    used 11809K, capacity 12732K, committed 12928K, reserved 1048576K
Event: 2089.026 GC heap after
Heap after GC invocations=26 (full 4):
 PSYoungGen      total 131584K, used 26621K [0x00000000f5580000, 0x0000000100000000, 0x0000000100000000)
  eden space 90112K, 0% used [0x00000000f5580000,0x00000000f5580000,0x00000000fad80000)
  from space 41472K, 64% used [0x00000000fd680000,0x00000000ff07f578,0x00000000fff00000)
  to   space 41984K, 0% used [0x00000000fad80000,0x00000000fad80000,0x00000000fd680000)
 ParOldGen       total 196096K, used 64086K [0x00000000e0000000, 0x00000000ebf80000, 0x00000000f5580000)
  object space 196096K, 32% used [0x00000000e0000000,0x00000000e3e95978,0x00000000ebf80000)
 Metaspace       used 91125K, capacity 95456K, committed 96128K, reserved 1132544K
  class space    used 11809K, capacity 12732K, committed 12928K, reserved 1048576K
}
Event: 2092.368 GC heap before
{Heap before GC invocations=27 (full 4):
 PSYoungGen      total 131584K, used 116733K [0x00000000f5580000, 0x0000000100000000, 0x0000000100000000)
  eden space 90112K, 100% used [0x00000000f5580000,0x00000000fad80000,0x00000000fad80000)
  from space 41472K, 64% used [0x00000000fd680000,0x00000000ff07f578,0x00000000fff00000)
  to   space 41984K, 0% used [0x00000000fad80000,0x00000000fad80000,0x00000000fd680000)
 ParOldGen       total 196096K, used 64086K [0x00000000e0000000, 0x00000000ebf80000, 0x00000000f5580000)
  object space 196096K, 32% used [0x00000000e0000000,0x00000000e3e95978,0x00000000ebf80000)
 Metaspace       used 91320K, capacity 95730K, committed 96384K, reserved 1132544K
  class space    used 11811K, capacity 12735K, committed 12928K, reserved 1048576K
Event: 2092.433 GC heap after
Heap after GC invocations=27 (full 4):
 PSYoungGen      total 126464K, used 35849K [0x00000000f5580000, 0x0000000100000000, 0x0000000100000000)
  eden space 90112K, 0% used [0x00000000f5580000,0x00000000f5580000,0x00000000fad80000)
  from space 36352K, 98% used [0x00000000fad80000,0x00000000fd082590,0x00000000fd100000)
  to   space 45568K, 0% used [0x00000000fd380000,0x00000000fd380000,0x0000000100000000)
 ParOldGen       total 196096K, used 64086K [0x00000000e0000000, 0x00000000ebf80000, 0x00000000f5580000)
  object space 196096K, 32% used [0x00000000e0000000,0x00000000e3e95978,0x00000000ebf80000)
 Metaspace       used 91320K, capacity 95730K, committed 96384K, reserved 1132544K
  class space    used 11811K, capacity 12735K, committed 12928K, reserved 1048576K
}
Event: 2095.635 GC heap before
{Heap before GC invocations=28 (full 4):
 PSYoungGen      total 126464K, used 125961K [0x00000000f5580000, 0x0000000100000000, 0x0000000100000000)
  eden space 90112K, 100% used [0x00000000f5580000,0x00000000fad80000,0x00000000fad80000)
  from space 36352K, 98% used [0x00000000fad80000,0x00000000fd082590,0x00000000fd100000)
  to   space 45568K, 0% used [0x00000000fd380000,0x00000000fd380000,0x0000000100000000)
 ParOldGen       total 196096K, used 64086K [0x00000000e0000000, 0x00000000ebf80000, 0x00000000f5580000)
  object space 196096K, 32% used [0x00000000e0000000,0x00000000e3e95978,0x00000000ebf80000)
 Metaspace       used 91489K, capacity 95940K, committed 96384K, reserved 1132544K
  class space    used 11818K, capacity 12748K, committed 12928K, reserved 1048576K
Event: 2095.702 GC heap after
Heap after GC invocations=28 (full 4):
 PSYoungGen      total 119808K, used 40346K [0x00000000f5580000, 0x0000000100000000, 0x0000000100000000)
  eden space 74240K, 0% used [0x00000000f5580000,0x00000000f5580000,0x00000000f9e00000)
  from space 45568K, 88% used [0x00000000fd380000,0x00000000ffae6ba8,0x0000000100000000)
  to   space 50176K, 0% used [0x00000000f9e00000,0x00000000f9e00000,0x00000000fcf00000)
 ParOldGen       total 196096K, used 64094K [0x00000000e0000000, 0x00000000ebf80000, 0x00000000f5580000)
  object space 196096K, 32% used [0x00000000e0000000,0x00000000e3e97978,0x00000000ebf80000)
 Metaspace       used 91489K, capacity 95940K, committed 96384K, reserved 1132544K
  class space    used 11818K, capacity 12748K, committed 12928K, reserved 1048576K
}

